Chez Scheme Version 10.0.0
Copyright 1984-2024 Cisco Systems, Inc.

> (current-directory "2024")
> (current-directory)
"/home/rms/GitRepos/AoC/2024"
> (array-disp arr1 2)
 0 1
 2 3
 4 5

 6 7
 8 9
 a b

 c d
 e f
 g h

 i j
 k l
 m n

 o p
 q r
 s t

 u v
 w x
 y z
> (array-disp arr2 2)
 0 1 2
 3 4 5
 6 7 8

 9 a b
 c d e
 f g h

 i j k
 l m n
 o p q

 r s t
 u v w
 x y z
> (array-disp ex-arr 2)
 8 9 0 1 0 1 2 3
 7 8 1 2 1 8 7 4
 8 7 4 3 0 9 6 5
 9 6 5 4 9 8 7 4
 4 5 6 7 8 9 0 3
 3 2 0 1 9 0 1 2
 0 1 3 2 9 8 0 1
 1 0 4 5 6 7 3 2
> (find-one p? ex-arr '((0 2)) sc fc)
(0 1)
> (dfs p? ex-arr '((0 2)) k)
((0 1) (3 0) (4 5) (3 4) (5 4))
> (dfs p? ex-arr '((0 4)) k)
((2 5) (3 4) (4 5) (0 1) (3 0) (5 4))
> (dfs p? ex-arr '((2 4)) k)
((0 1) (3 0) (4 5) (3 4) (5 4))
> (dfs p? ex-arr '((4 6)) k)
((2 5) (3 4) (4 5))
> (dfs p? ex-arr '((5 2)) k)
((6 4))
> (dfs p? ex-arr '((5 5)) k)
((2 5) (3 4) (4 5))
> (dfs p? ex-arr '((6 0)) k)
((4 5) (3 4) (5 4) (0 1) (3 0))
> (dfs p? ex-arr '((6 6)) k)
((2 5) (3 4) (4 5))
> (dfs p? ex-arr '((7 1)) k)
((4 5) (3 4) (5 4) (0 1) (3 0))
>
